<?xml version="1.0" encoding="UTF-8"?>
<testsuite xmlns:xsi="http://www.w3.org/2001/XMLSchema-instance" xsi:noNamespaceSchemaLocation="https://maven.apache.org/surefire/maven-surefire-plugin/xsd/surefire-test-report-3.0.xsd" version="3.0" name="features.ExamplesTest" time="4.498" tests="1" errors="0" skipped="0" failures="0">
  <properties>
[...]
</properties>
  <testcase name="testParallel" classname="features.ExamplesTest" time="4.468">
    <system-out><![CDATA[19:39:24.948 [main] INFO  com.intuit.karate.Runner - using system property 'karate.options': --tags @db_001
19:39:26.269 [main] DEBUG com.intuit.karate.Suite - [config] classpath:karate-config.js
19:39:26.309 [main] INFO  com.intuit.karate.Suite - backed up existing 'target\karate-reports' dir to: target\karate-reports_1760229566273
19:39:26.316 [main] DEBUG com.intuit.karate.Suite - waiting for 7 features to complete
19:39:27.733 [pool-2-thread-1] INFO  com.intuit.karate - karate.env system property was: null 
---------------------------------------------------------
feature: classpath:features/database/workDB.feature
scenarios:  1 | passed:  1 | failed:  0 | time: 0.2777
---------------------------------------------------------

19:39:28.736 [pool-3-thread-1] INFO  com.intuit.karate.Suite - <<pass>> feature 3 of 7 (4 remaining) classpath:features/database/workDB.feature
Karate version: 1.5.0
======================================================
elapsed:   3.80 | threads:    3 | thread time: 0.28 
features:     1 | skipped:    6 | efficiency: 0.02
scenarios:    1 | passed:     1 | failed: 0
======================================================

HTML report: (paste into browser to view) | Karate version: 1.5.0
file:///C:/Users/Admin/Downloads/Capacitacion/CapacitacionKarateTCS1205/CapaKarateTCS1/target/karate-reports/karate-summary.html
===================================================================

]]></system-out>
  </testcase>
</testsuite>